<?xml version="1.0" encoding="UTF-8"?>
<coverage generated="1749550194262" clover="3.2.0">
  <project timestamp="1749550194262" name="All files">
    <metrics statements="53" coveredstatements="39" conditionals="16" coveredconditionals="9" methods="19" coveredmethods="13" elements="88" coveredelements="61" complexity="0" loc="53" ncloc="53" packages="1" files="1" classes="1"/>
    <file name="enigma.js" path="/Users/protochka/RiderProjects/edu-ai-challenge-2025/2/09.06/enigma.js">
      <metrics statements="53" coveredstatements="39" conditionals="16" coveredconditionals="9" methods="19" coveredmethods="13"/>
      <line num="1" count="1" type="stmt"/>
      <line num="3" count="1" type="stmt"/>
      <line num="5" count="882" type="stmt"/>
      <line num="8" count="1" type="stmt"/>
      <line num="13" count="1" type="stmt"/>
      <line num="16" count="252" type="stmt"/>
      <line num="17" count="44" type="cond" truecount="2" falsecount="0"/>
      <line num="18" count="40" type="cond" truecount="2" falsecount="0"/>
      <line num="20" count="244" type="stmt"/>
      <line num="25" count="42" type="stmt"/>
      <line num="26" count="42" type="stmt"/>
      <line num="27" count="42" type="stmt"/>
      <line num="28" count="42" type="stmt"/>
      <line num="31" count="126" type="stmt"/>
      <line num="34" count="252" type="stmt"/>
      <line num="37" count="378" type="stmt"/>
      <line num="38" count="378" type="stmt"/>
      <line num="41" count="378" type="stmt"/>
      <line num="42" count="378" type="stmt"/>
      <line num="48" count="14" type="stmt"/>
      <line num="50" count="42" type="stmt"/>
      <line num="57" count="14" type="stmt"/>
      <line num="60" count="126" type="cond" truecount="1" falsecount="1"/>
      <line num="61" count="126" type="cond" truecount="1" falsecount="1"/>
      <line num="62" count="126" type="stmt"/>
      <line num="65" count="150" type="cond" truecount="2" falsecount="0"/>
      <line num="66" count="126" type="stmt"/>
      <line num="69" count="126" type="stmt"/>
      <line num="72" count="126" type="stmt"/>
      <line num="73" count="378" type="stmt"/>
      <line num="77" count="126" type="stmt"/>
      <line num="80" count="126" type="stmt"/>
      <line num="81" count="378" type="stmt"/>
      <line num="85" count="126" type="stmt"/>
      <line num="87" count="126" type="stmt"/>
      <line num="90" count="14" type="stmt"/>
      <line num="93" count="150" type="stmt"/>
      <line num="99" count="0" type="stmt"/>
      <line num="103" count="0" type="stmt"/>
      <line num="104" count="0" type="stmt"/>
      <line num="105" count="0" type="stmt"/>
      <line num="106" count="0" type="stmt"/>
      <line num="107" count="0" type="stmt"/>
      <line num="108" count="0" type="stmt"/>
      <line num="110" count="0" type="cond" truecount="0" falsecount="2"/>
      <line num="113" count="0" type="stmt"/>
      <line num="115" count="0" type="stmt"/>
      <line num="121" count="0" type="stmt"/>
      <line num="122" count="0" type="stmt"/>
      <line num="123" count="0" type="stmt"/>
      <line num="130" count="1" type="cond" truecount="1" falsecount="1"/>
      <line num="131" count="0" type="stmt"/>
      <line num="134" count="1" type="stmt"/>
    </file>
  </project>
</coverage>
