{"/Users/protochka/RiderProjects/edu-ai-challenge-2025/2/09.06/enigma.js": {"path":"/Users/protochka/RiderProjects/edu-ai-challenge-2025/2/09.06/enigma.js","statementMap":{"0":{"start":{"line":1,"column":17},"end":{"line":1,"column":36}},"1":{"start":{"line":3,"column":17},"end":{"line":3,"column":45}},"2":{"start":{"line":5,"column":2},"end":{"line":5,"column":27}},"3":{"start":{"line":8,"column":15},"end":{"line":12,"column":1}},"4":{"start":{"line":13,"column":18},"end":{"line":13,"column":46}},"5":{"start":{"line":16,"column":2},"end":{"line":19,"column":3}},"6":{"start":{"line":17,"column":4},"end":{"line":17,"column":26}},"7":{"start":{"line":17,"column":17},"end":{"line":17,"column":26}},"8":{"start":{"line":18,"column":4},"end":{"line":18,"column":26}},"9":{"start":{"line":18,"column":17},"end":{"line":18,"column":26}},"10":{"start":{"line":20,"column":2},"end":{"line":20,"column":11}},"11":{"start":{"line":25,"column":4},"end":{"line":25,"column":25}},"12":{"start":{"line":26,"column":4},"end":{"line":26,"column":23}},"13":{"start":{"line":27,"column":4},"end":{"line":27,"column":35}},"14":{"start":{"line":28,"column":4},"end":{"line":28,"column":29}},"15":{"start":{"line":31,"column":4},"end":{"line":31,"column":47}},"16":{"start":{"line":34,"column":4},"end":{"line":34,"column":50}},"17":{"start":{"line":37,"column":16},"end":{"line":37,"column":79}},"18":{"start":{"line":38,"column":4},"end":{"line":38,"column":28}},"19":{"start":{"line":41,"column":16},"end":{"line":41,"column":38}},"20":{"start":{"line":42,"column":4},"end":{"line":42,"column":69}},"21":{"start":{"line":48,"column":4},"end":{"line":56,"column":6}},"22":{"start":{"line":50,"column":8},"end":{"line":55,"column":9}},"23":{"start":{"line":57,"column":4},"end":{"line":57,"column":41}},"24":{"start":{"line":60,"column":4},"end":{"line":60,"column":56}},"25":{"start":{"line":60,"column":34},"end":{"line":60,"column":56}},"26":{"start":{"line":61,"column":4},"end":{"line":61,"column":56}},"27":{"start":{"line":61,"column":34},"end":{"line":61,"column":56}},"28":{"start":{"line":62,"column":4},"end":{"line":62,"column":26}},"29":{"start":{"line":65,"column":4},"end":{"line":65,"column":40}},"30":{"start":{"line":65,"column":31},"end":{"line":65,"column":40}},"31":{"start":{"line":66,"column":4},"end":{"line":66,"column":22}},"32":{"start":{"line":69,"column":4},"end":{"line":69,"column":46}},"33":{"start":{"line":72,"column":4},"end":{"line":74,"column":5}},"34":{"start":{"line":72,"column":17},"end":{"line":72,"column":39}},"35":{"start":{"line":73,"column":6},"end":{"line":73,"column":36}},"36":{"start":{"line":77,"column":4},"end":{"line":77,"column":39}},"37":{"start":{"line":80,"column":4},"end":{"line":82,"column":5}},"38":{"start":{"line":80,"column":17},"end":{"line":80,"column":18}},"39":{"start":{"line":81,"column":6},"end":{"line":81,"column":37}},"40":{"start":{"line":85,"column":4},"end":{"line":85,"column":46}},"41":{"start":{"line":87,"column":4},"end":{"line":87,"column":13}},"42":{"start":{"line":90,"column":4},"end":{"line":94,"column":16}},"43":{"start":{"line":93,"column":18},"end":{"line":93,"column":37}},"44":{"start":{"line":99,"column":13},"end":{"line":102,"column":4}},"45":{"start":{"line":103,"column":2},"end":{"line":127,"column":5}},"46":{"start":{"line":104,"column":4},"end":{"line":126,"column":7}},"47":{"start":{"line":105,"column":29},"end":{"line":105,"column":58}},"48":{"start":{"line":106,"column":6},"end":{"line":125,"column":9}},"49":{"start":{"line":107,"column":29},"end":{"line":107,"column":59}},"50":{"start":{"line":108,"column":8},"end":{"line":124,"column":11}},"51":{"start":{"line":110,"column":12},"end":{"line":113,"column":55}},"52":{"start":{"line":113,"column":30},"end":{"line":113,"column":48}},"53":{"start":{"line":115,"column":25},"end":{"line":120,"column":11}},"54":{"start":{"line":121,"column":25},"end":{"line":121,"column":48}},"55":{"start":{"line":122,"column":10},"end":{"line":122,"column":41}},"56":{"start":{"line":123,"column":10},"end":{"line":123,"column":21}},"57":{"start":{"line":130,"column":0},"end":{"line":132,"column":1}},"58":{"start":{"line":131,"column":2},"end":{"line":131,"column":17}},"59":{"start":{"line":134,"column":0},"end":{"line":134,"column":28}}},"fnMap":{"0":{"name":"mod","decl":{"start":{"line":4,"column":9},"end":{"line":4,"column":12}},"loc":{"start":{"line":4,"column":19},"end":{"line":6,"column":1}},"line":4},"1":{"name":"plugboardSwap","decl":{"start":{"line":15,"column":9},"end":{"line":15,"column":22}},"loc":{"start":{"line":15,"column":33},"end":{"line":21,"column":1}},"line":15},"2":{"name":"(anonymous_2)","decl":{"start":{"line":24,"column":2},"end":{"line":24,"column":3}},"loc":{"start":{"line":24,"column":60},"end":{"line":29,"column":3}},"line":24},"3":{"name":"(anonymous_3)","decl":{"start":{"line":30,"column":2},"end":{"line":30,"column":3}},"loc":{"start":{"line":30,"column":9},"end":{"line":32,"column":3}},"line":30},"4":{"name":"(anonymous_4)","decl":{"start":{"line":33,"column":2},"end":{"line":33,"column":3}},"loc":{"start":{"line":33,"column":12},"end":{"line":35,"column":3}},"line":33},"5":{"name":"(anonymous_5)","decl":{"start":{"line":36,"column":2},"end":{"line":36,"column":3}},"loc":{"start":{"line":36,"column":13},"end":{"line":39,"column":3}},"line":36},"6":{"name":"(anonymous_6)","decl":{"start":{"line":40,"column":2},"end":{"line":40,"column":3}},"loc":{"start":{"line":40,"column":14},"end":{"line":43,"column":3}},"line":40},"7":{"name":"(anonymous_7)","decl":{"start":{"line":47,"column":2},"end":{"line":47,"column":3}},"loc":{"start":{"line":47,"column":70},"end":{"line":58,"column":3}},"line":47},"8":{"name":"(anonymous_8)","decl":{"start":{"line":49,"column":6},"end":{"line":49,"column":7}},"loc":{"start":{"line":50,"column":8},"end":{"line":55,"column":9}},"line":50},"9":{"name":"(anonymous_9)","decl":{"start":{"line":59,"column":2},"end":{"line":59,"column":3}},"loc":{"start":{"line":59,"column":15},"end":{"line":63,"column":3}},"line":59},"10":{"name":"(anonymous_10)","decl":{"start":{"line":64,"column":2},"end":{"line":64,"column":3}},"loc":{"start":{"line":64,"column":17},"end":{"line":88,"column":3}},"line":64},"11":{"name":"(anonymous_11)","decl":{"start":{"line":89,"column":2},"end":{"line":89,"column":3}},"loc":{"start":{"line":89,"column":16},"end":{"line":95,"column":3}},"line":89},"12":{"name":"(anonymous_12)","decl":{"start":{"line":93,"column":11},"end":{"line":93,"column":12}},"loc":{"start":{"line":93,"column":18},"end":{"line":93,"column":37}},"line":93},"13":{"name":"promptEnigma","decl":{"start":{"line":98,"column":9},"end":{"line":98,"column":21}},"loc":{"start":{"line":98,"column":24},"end":{"line":128,"column":1}},"line":98},"14":{"name":"(anonymous_14)","decl":{"start":{"line":103,"column":33},"end":{"line":103,"column":34}},"loc":{"start":{"line":103,"column":46},"end":{"line":127,"column":3}},"line":103},"15":{"name":"(anonymous_15)","decl":{"start":{"line":104,"column":50},"end":{"line":104,"column":51}},"loc":{"start":{"line":104,"column":62},"end":{"line":126,"column":5}},"line":104},"16":{"name":"(anonymous_16)","decl":{"start":{"line":106,"column":50},"end":{"line":106,"column":51}},"loc":{"start":{"line":106,"column":63},"end":{"line":125,"column":7}},"line":106},"17":{"name":"(anonymous_17)","decl":{"start":{"line":108,"column":54},"end":{"line":108,"column":55}},"loc":{"start":{"line":108,"column":67},"end":{"line":124,"column":9}},"line":108},"18":{"name":"(anonymous_18)","decl":{"start":{"line":113,"column":20},"end":{"line":113,"column":21}},"loc":{"start":{"line":113,"column":30},"end":{"line":113,"column":48}},"line":113}},"branchMap":{"0":{"loc":{"start":{"line":17,"column":4},"end":{"line":17,"column":26}},"type":"if","locations":[{"start":{"line":17,"column":4},"end":{"line":17,"column":26}},{"start":{},"end":{}}],"line":17},"1":{"loc":{"start":{"line":18,"column":4},"end":{"line":18,"column":26}},"type":"if","locations":[{"start":{"line":18,"column":4},"end":{"line":18,"column":26}},{"start":{},"end":{}}],"line":18},"2":{"loc":{"start":{"line":24,"column":29},"end":{"line":24,"column":44}},"type":"default-arg","locations":[{"start":{"line":24,"column":43},"end":{"line":24,"column":44}}],"line":24},"3":{"loc":{"start":{"line":24,"column":46},"end":{"line":24,"column":58}},"type":"default-arg","locations":[{"start":{"line":24,"column":57},"end":{"line":24,"column":58}}],"line":24},"4":{"loc":{"start":{"line":60,"column":4},"end":{"line":60,"column":56}},"type":"if","locations":[{"start":{"line":60,"column":4},"end":{"line":60,"column":56}},{"start":{},"end":{}}],"line":60},"5":{"loc":{"start":{"line":61,"column":4},"end":{"line":61,"column":56}},"type":"if","locations":[{"start":{"line":61,"column":4},"end":{"line":61,"column":56}},{"start":{},"end":{}}],"line":61},"6":{"loc":{"start":{"line":65,"column":4},"end":{"line":65,"column":40}},"type":"if","locations":[{"start":{"line":65,"column":4},"end":{"line":65,"column":40}},{"start":{},"end":{}}],"line":65},"7":{"loc":{"start":{"line":110,"column":12},"end":{"line":113,"column":55}},"type":"binary-expr","locations":[{"start":{"line":110,"column":12},"end":{"line":113,"column":49}},{"start":{"line":113,"column":53},"end":{"line":113,"column":55}}],"line":110},"8":{"loc":{"start":{"line":130,"column":0},"end":{"line":132,"column":1}},"type":"if","locations":[{"start":{"line":130,"column":0},"end":{"line":132,"column":1}},{"start":{},"end":{}}],"line":130}},"s":{"0":1,"1":1,"2":882,"3":1,"4":1,"5":252,"6":44,"7":4,"8":40,"9":4,"10":244,"11":42,"12":42,"13":42,"14":42,"15":126,"16":252,"17":378,"18":378,"19":378,"20":378,"21":14,"22":42,"23":14,"24":126,"25":0,"26":126,"27":0,"28":126,"29":150,"30":24,"31":126,"32":126,"33":126,"34":126,"35":378,"36":126,"37":126,"38":126,"39":378,"40":126,"41":126,"42":14,"43":150,"44":0,"45":0,"46":0,"47":0,"48":0,"49":0,"50":0,"51":0,"52":0,"53":0,"54":0,"55":0,"56":0,"57":1,"58":0,"59":1},"f":{"0":882,"1":252,"2":42,"3":126,"4":252,"5":378,"6":378,"7":14,"8":42,"9":126,"10":150,"11":14,"12":150,"13":0,"14":0,"15":0,"16":0,"17":0,"18":0},"b":{"0":[4,40],"1":[4,36],"2":[0],"3":[0],"4":[0,126],"5":[0,126],"6":[24,126],"7":[0,0],"8":[0,1]},"_coverageSchema":"1a1c01bbd47fc00a2c39e90264f33305004495a9","hash":"b2b98d6fe87e7a8941980578d5061203acd9cee6"}
}
