TN:
SF:2/09.06/enigma.js
FN:4,mod
FN:15,plugboardSwap
FN:24,(anonymous_2)
FN:30,(anonymous_3)
FN:33,(anonymous_4)
FN:36,(anonymous_5)
FN:40,(anonymous_6)
FN:47,(anonymous_7)
FN:49,(anonymous_8)
FN:59,(anonymous_9)
FN:64,(anonymous_10)
FN:89,(anonymous_11)
FN:93,(anonymous_12)
FN:98,promptEnigma
FN:103,(anonymous_14)
FN:104,(anonymous_15)
FN:106,(anonymous_16)
FN:108,(anonymous_17)
FN:113,(anonymous_18)
FNF:19
FNH:13
FNDA:882,mod
FNDA:252,plugboardSwap
FNDA:42,(anonymous_2)
FNDA:126,(anonymous_3)
FNDA:252,(anonymous_4)
FNDA:378,(anonymous_5)
FNDA:378,(anonymous_6)
FNDA:14,(anonymous_7)
FNDA:42,(anonymous_8)
FNDA:126,(anonymous_9)
FNDA:150,(anonymous_10)
FNDA:14,(anonymous_11)
FNDA:150,(anonymous_12)
FNDA:0,promptEnigma
FNDA:0,(anonymous_14)
FNDA:0,(anonymous_15)
FNDA:0,(anonymous_16)
FNDA:0,(anonymous_17)
FNDA:0,(anonymous_18)
DA:1,1
DA:3,1
DA:5,882
DA:8,1
DA:13,1
DA:16,252
DA:17,44
DA:18,40
DA:20,244
DA:25,42
DA:26,42
DA:27,42
DA:28,42
DA:31,126
DA:34,252
DA:37,378
DA:38,378
DA:41,378
DA:42,378
DA:48,14
DA:50,42
DA:57,14
DA:60,126
DA:61,126
DA:62,126
DA:65,150
DA:66,126
DA:69,126
DA:72,126
DA:73,378
DA:77,126
DA:80,126
DA:81,378
DA:85,126
DA:87,126
DA:90,14
DA:93,150
DA:99,0
DA:103,0
DA:104,0
DA:105,0
DA:106,0
DA:107,0
DA:108,0
DA:110,0
DA:113,0
DA:115,0
DA:121,0
DA:122,0
DA:123,0
DA:130,1
DA:131,0
DA:134,1
LF:53
LH:39
BRDA:17,0,0,4
BRDA:17,0,1,40
BRDA:18,1,0,4
BRDA:18,1,1,36
BRDA:24,2,0,0
BRDA:24,3,0,0
BRDA:60,4,0,0
BRDA:60,4,1,126
BRDA:61,5,0,0
BRDA:61,5,1,126
BRDA:65,6,0,24
BRDA:65,6,1,126
BRDA:110,7,0,0
BRDA:110,7,1,0
BRDA:130,8,0,0
BRDA:130,8,1,1
BRF:16
BRH:9
end_of_record
